{"C:\\Users\\Taufiq_H902\\Documents\\projeck\\iContact\\src\\actions\\addContactAction.js": {"path":"C:\\Users\\Taufiq_H902\\Documents\\projeck\\iContact\\src\\actions\\addContactAction.js","statementMap":{"0":{"start":{"line":4,"column":19},"end":{"line":4,"column":35}},"1":{"start":{"line":5,"column":42},"end":{"line":5,"column":70}},"2":{"start":{"line":6,"column":41},"end":{"line":6,"column":68}},"3":{"start":{"line":7,"column":42},"end":{"line":7,"column":70}},"4":{"start":{"line":10,"column":2},"end":{"line":15,"column":4}},"5":{"start":{"line":11,"column":4},"end":{"line":11,"column":36}},"6":{"start":{"line":12,"column":4},"end":{"line":14,"column":72}},"7":{"start":{"line":13,"column":22},"end":{"line":13,"column":66}},"8":{"start":{"line":14,"column":24},"end":{"line":14,"column":70}},"9":{"start":{"line":19,"column":2},"end":{"line":19,"column":46}},"10":{"start":{"line":23,"column":2},"end":{"line":23,"column":51}},"11":{"start":{"line":27,"column":2},"end":{"line":27,"column":53}}},"fnMap":{"0":{"name":"addContact","decl":{"start":{"line":9,"column":16},"end":{"line":9,"column":26}},"loc":{"start":{"line":9,"column":35},"end":{"line":16,"column":1}},"line":9},"1":{"name":"(anonymous_1)","decl":{"start":{"line":10,"column":9},"end":{"line":10,"column":10}},"loc":{"start":{"line":10,"column":29},"end":{"line":15,"column":3}},"line":10},"2":{"name":"(anonymous_2)","decl":{"start":{"line":13,"column":12},"end":{"line":13,"column":13}},"loc":{"start":{"line":13,"column":22},"end":{"line":13,"column":66}},"line":13},"3":{"name":"(anonymous_3)","decl":{"start":{"line":14,"column":13},"end":{"line":14,"column":14}},"loc":{"start":{"line":14,"column":24},"end":{"line":14,"column":70}},"line":14},"4":{"name":"addContactScreenApi","decl":{"start":{"line":18,"column":16},"end":{"line":18,"column":35}},"loc":{"start":{"line":18,"column":38},"end":{"line":20,"column":1}},"line":18},"5":{"name":"addContactScreenRequestsDone","decl":{"start":{"line":22,"column":16},"end":{"line":22,"column":44}},"loc":{"start":{"line":22,"column":51},"end":{"line":24,"column":1}},"line":22},"6":{"name":"addContactScreenRequestsError","decl":{"start":{"line":26,"column":16},"end":{"line":26,"column":45}},"loc":{"start":{"line":26,"column":53},"end":{"line":28,"column":1}},"line":26}},"branchMap":{},"s":{"0":4,"1":4,"2":4,"3":4,"4":2,"5":2,"6":2,"7":2,"8":0,"9":2,"10":2,"11":0},"f":{"0":2,"1":2,"2":2,"3":0,"4":2,"5":2,"6":0},"b":{},"_coverageSchema":"1a1c01bbd47fc00a2c39e90264f33305004495a9","hash":"82c4dadb1947c98963d0a81ee698808aa35cdfbb"}
,"C:\\Users\\Taufiq_H902\\Documents\\projeck\\iContact\\src\\actions\\deleteContactAction.js": {"path":"C:\\Users\\Taufiq_H902\\Documents\\projeck\\iContact\\src\\actions\\deleteContactAction.js","statementMap":{"0":{"start":{"line":4,"column":19},"end":{"line":4,"column":35}},"1":{"start":{"line":5,"column":45},"end":{"line":5,"column":76}},"2":{"start":{"line":6,"column":44},"end":{"line":6,"column":74}},"3":{"start":{"line":7,"column":45},"end":{"line":7,"column":76}},"4":{"start":{"line":10,"column":2},"end":{"line":15,"column":4}},"5":{"start":{"line":11,"column":4},"end":{"line":11,"column":39}},"6":{"start":{"line":12,"column":4},"end":{"line":14,"column":75}},"7":{"start":{"line":13,"column":22},"end":{"line":13,"column":69}},"8":{"start":{"line":14,"column":24},"end":{"line":14,"column":73}},"9":{"start":{"line":19,"column":2},"end":{"line":19,"column":49}},"10":{"start":{"line":23,"column":2},"end":{"line":23,"column":54}},"11":{"start":{"line":27,"column":2},"end":{"line":27,"column":56}}},"fnMap":{"0":{"name":"deleteContact","decl":{"start":{"line":9,"column":16},"end":{"line":9,"column":29}},"loc":{"start":{"line":9,"column":38},"end":{"line":16,"column":1}},"line":9},"1":{"name":"(anonymous_1)","decl":{"start":{"line":10,"column":9},"end":{"line":10,"column":10}},"loc":{"start":{"line":10,"column":29},"end":{"line":15,"column":3}},"line":10},"2":{"name":"(anonymous_2)","decl":{"start":{"line":13,"column":12},"end":{"line":13,"column":13}},"loc":{"start":{"line":13,"column":22},"end":{"line":13,"column":69}},"line":13},"3":{"name":"(anonymous_3)","decl":{"start":{"line":14,"column":13},"end":{"line":14,"column":14}},"loc":{"start":{"line":14,"column":24},"end":{"line":14,"column":73}},"line":14},"4":{"name":"deleteContactScreenApi","decl":{"start":{"line":18,"column":16},"end":{"line":18,"column":38}},"loc":{"start":{"line":18,"column":41},"end":{"line":20,"column":1}},"line":18},"5":{"name":"deleteContactScreenRequestsDone","decl":{"start":{"line":22,"column":16},"end":{"line":22,"column":47}},"loc":{"start":{"line":22,"column":54},"end":{"line":24,"column":1}},"line":22},"6":{"name":"deleteContactScreenRequestsError","decl":{"start":{"line":26,"column":16},"end":{"line":26,"column":48}},"loc":{"start":{"line":26,"column":56},"end":{"line":28,"column":1}},"line":26}},"branchMap":{},"s":{"0":4,"1":4,"2":4,"3":4,"4":3,"5":3,"6":3,"7":0,"8":3,"9":3,"10":0,"11":3},"f":{"0":3,"1":3,"2":0,"3":3,"4":3,"5":0,"6":3},"b":{},"_coverageSchema":"1a1c01bbd47fc00a2c39e90264f33305004495a9","hash":"9ba30de95c685d72dfb6ba77b5257890172e081b"}
,"C:\\Users\\Taufiq_H902\\Documents\\projeck\\iContact\\src\\actions\\editContactAction.js": {"path":"C:\\Users\\Taufiq_H902\\Documents\\projeck\\iContact\\src\\actions\\editContactAction.js","statementMap":{"0":{"start":{"line":4,"column":19},"end":{"line":4,"column":35}},"1":{"start":{"line":5,"column":45},"end":{"line":5,"column":76}},"2":{"start":{"line":6,"column":44},"end":{"line":6,"column":74}},"3":{"start":{"line":7,"column":45},"end":{"line":7,"column":76}},"4":{"start":{"line":10,"column":2},"end":{"line":15,"column":4}},"5":{"start":{"line":11,"column":4},"end":{"line":11,"column":39}},"6":{"start":{"line":12,"column":4},"end":{"line":14,"column":75}},"7":{"start":{"line":13,"column":22},"end":{"line":13,"column":69}},"8":{"start":{"line":14,"column":24},"end":{"line":14,"column":73}},"9":{"start":{"line":19,"column":2},"end":{"line":19,"column":49}},"10":{"start":{"line":23,"column":2},"end":{"line":23,"column":54}},"11":{"start":{"line":27,"column":2},"end":{"line":27,"column":56}}},"fnMap":{"0":{"name":"updateContact","decl":{"start":{"line":9,"column":16},"end":{"line":9,"column":29}},"loc":{"start":{"line":9,"column":44},"end":{"line":16,"column":1}},"line":9},"1":{"name":"(anonymous_1)","decl":{"start":{"line":10,"column":9},"end":{"line":10,"column":10}},"loc":{"start":{"line":10,"column":29},"end":{"line":15,"column":3}},"line":10},"2":{"name":"(anonymous_2)","decl":{"start":{"line":13,"column":12},"end":{"line":13,"column":13}},"loc":{"start":{"line":13,"column":22},"end":{"line":13,"column":69}},"line":13},"3":{"name":"(anonymous_3)","decl":{"start":{"line":14,"column":13},"end":{"line":14,"column":14}},"loc":{"start":{"line":14,"column":24},"end":{"line":14,"column":73}},"line":14},"4":{"name":"updateContactScreenApi","decl":{"start":{"line":18,"column":16},"end":{"line":18,"column":38}},"loc":{"start":{"line":18,"column":41},"end":{"line":20,"column":1}},"line":18},"5":{"name":"updateContactScreenRequestsDone","decl":{"start":{"line":22,"column":16},"end":{"line":22,"column":47}},"loc":{"start":{"line":22,"column":54},"end":{"line":24,"column":1}},"line":22},"6":{"name":"updateContactScreenRequestsError","decl":{"start":{"line":26,"column":16},"end":{"line":26,"column":48}},"loc":{"start":{"line":26,"column":56},"end":{"line":28,"column":1}},"line":26}},"branchMap":{},"s":{"0":3,"1":3,"2":3,"3":3,"4":2,"5":2,"6":2,"7":2,"8":0,"9":2,"10":2,"11":0},"f":{"0":2,"1":2,"2":2,"3":0,"4":2,"5":2,"6":0},"b":{},"_coverageSchema":"1a1c01bbd47fc00a2c39e90264f33305004495a9","hash":"f07a45cad9dc7f7e45494039398835b03bb8ab48"}
,"C:\\Users\\Taufiq_H902\\Documents\\projeck\\iContact\\src\\actions\\getContactAction.js": {"path":"C:\\Users\\Taufiq_H902\\Documents\\projeck\\iContact\\src\\actions\\getContactAction.js","statementMap":{"0":{"start":{"line":4,"column":19},"end":{"line":4,"column":35}},"1":{"start":{"line":5,"column":44},"end":{"line":5,"column":74}},"2":{"start":{"line":6,"column":43},"end":{"line":6,"column":72}},"3":{"start":{"line":7,"column":44},"end":{"line":7,"column":74}},"4":{"start":{"line":10,"column":2},"end":{"line":15,"column":4}},"5":{"start":{"line":11,"column":4},"end":{"line":11,"column":38}},"6":{"start":{"line":12,"column":4},"end":{"line":14,"column":74}},"7":{"start":{"line":13,"column":22},"end":{"line":13,"column":68}},"8":{"start":{"line":14,"column":24},"end":{"line":14,"column":72}},"9":{"start":{"line":19,"column":2},"end":{"line":19,"column":48}},"10":{"start":{"line":23,"column":2},"end":{"line":23,"column":53}},"11":{"start":{"line":27,"column":2},"end":{"line":27,"column":55}}},"fnMap":{"0":{"name":"fetchContact","decl":{"start":{"line":9,"column":16},"end":{"line":9,"column":28}},"loc":{"start":{"line":9,"column":37},"end":{"line":16,"column":1}},"line":9},"1":{"name":"(anonymous_1)","decl":{"start":{"line":10,"column":9},"end":{"line":10,"column":10}},"loc":{"start":{"line":10,"column":29},"end":{"line":15,"column":3}},"line":10},"2":{"name":"(anonymous_2)","decl":{"start":{"line":13,"column":12},"end":{"line":13,"column":13}},"loc":{"start":{"line":13,"column":22},"end":{"line":13,"column":68}},"line":13},"3":{"name":"(anonymous_3)","decl":{"start":{"line":14,"column":13},"end":{"line":14,"column":14}},"loc":{"start":{"line":14,"column":24},"end":{"line":14,"column":72}},"line":14},"4":{"name":"fetchContactScreenApi","decl":{"start":{"line":18,"column":16},"end":{"line":18,"column":37}},"loc":{"start":{"line":18,"column":40},"end":{"line":20,"column":1}},"line":18},"5":{"name":"fetchContactScreenRequestsDone","decl":{"start":{"line":22,"column":16},"end":{"line":22,"column":46}},"loc":{"start":{"line":22,"column":53},"end":{"line":24,"column":1}},"line":22},"6":{"name":"fetchContactScreenRequestsError","decl":{"start":{"line":26,"column":16},"end":{"line":26,"column":47}},"loc":{"start":{"line":26,"column":55},"end":{"line":28,"column":1}},"line":26}},"branchMap":{},"s":{"0":4,"1":4,"2":4,"3":4,"4":1,"5":1,"6":1,"7":1,"8":0,"9":2,"10":2,"11":0},"f":{"0":1,"1":1,"2":1,"3":0,"4":2,"5":2,"6":0},"b":{},"_coverageSchema":"1a1c01bbd47fc00a2c39e90264f33305004495a9","hash":"ab694dd2f108fabb6d3a69f7eb7c6bf37ab6b7cc"}
,"C:\\Users\\Taufiq_H902\\Documents\\projeck\\iContact\\src\\actions\\getContactByIdAction.js": {"path":"C:\\Users\\Taufiq_H902\\Documents\\projeck\\iContact\\src\\actions\\getContactByIdAction.js","statementMap":{"0":{"start":{"line":4,"column":19},"end":{"line":4,"column":35}},"1":{"start":{"line":5,"column":47},"end":{"line":5,"column":80}},"2":{"start":{"line":6,"column":46},"end":{"line":6,"column":78}},"3":{"start":{"line":7,"column":47},"end":{"line":7,"column":80}},"4":{"start":{"line":10,"column":2},"end":{"line":15,"column":4}},"5":{"start":{"line":11,"column":4},"end":{"line":11,"column":40}},"6":{"start":{"line":12,"column":4},"end":{"line":14,"column":76}},"7":{"start":{"line":13,"column":22},"end":{"line":13,"column":70}},"8":{"start":{"line":14,"column":24},"end":{"line":14,"column":74}},"9":{"start":{"line":19,"column":2},"end":{"line":19,"column":51}},"10":{"start":{"line":23,"column":2},"end":{"line":23,"column":56}},"11":{"start":{"line":27,"column":2},"end":{"line":27,"column":58}}},"fnMap":{"0":{"name":"fetchContactIdById","decl":{"start":{"line":9,"column":16},"end":{"line":9,"column":34}},"loc":{"start":{"line":9,"column":43},"end":{"line":16,"column":1}},"line":9},"1":{"name":"(anonymous_1)","decl":{"start":{"line":10,"column":9},"end":{"line":10,"column":10}},"loc":{"start":{"line":10,"column":29},"end":{"line":15,"column":3}},"line":10},"2":{"name":"(anonymous_2)","decl":{"start":{"line":13,"column":12},"end":{"line":13,"column":13}},"loc":{"start":{"line":13,"column":22},"end":{"line":13,"column":70}},"line":13},"3":{"name":"(anonymous_3)","decl":{"start":{"line":14,"column":13},"end":{"line":14,"column":14}},"loc":{"start":{"line":14,"column":24},"end":{"line":14,"column":74}},"line":14},"4":{"name":"fetchContactIdScreenApi","decl":{"start":{"line":18,"column":16},"end":{"line":18,"column":39}},"loc":{"start":{"line":18,"column":42},"end":{"line":20,"column":1}},"line":18},"5":{"name":"fetchContactIdScreenRequestsDone","decl":{"start":{"line":22,"column":16},"end":{"line":22,"column":48}},"loc":{"start":{"line":22,"column":55},"end":{"line":24,"column":1}},"line":22},"6":{"name":"fetchContactIdScreenRequestsError","decl":{"start":{"line":26,"column":16},"end":{"line":26,"column":49}},"loc":{"start":{"line":26,"column":57},"end":{"line":28,"column":1}},"line":26}},"branchMap":{},"s":{"0":4,"1":4,"2":4,"3":4,"4":1,"5":1,"6":1,"7":0,"8":0,"9":1,"10":0,"11":0},"f":{"0":1,"1":1,"2":0,"3":0,"4":1,"5":0,"6":0},"b":{},"_coverageSchema":"1a1c01bbd47fc00a2c39e90264f33305004495a9","hash":"1f83a650c08d9ef847015c5f78ab01a10e1bf44a"}
,"C:\\Users\\Taufiq_H902\\Documents\\projeck\\iContact\\src\\api\\index.js": {"path":"C:\\Users\\Taufiq_H902\\Documents\\projeck\\iContact\\src\\api\\index.js","statementMap":{"0":{"start":{"line":2,"column":18},"end":{"line":18,"column":3}},"1":{"start":{"line":3,"column":21},"end":{"line":3,"column":53}},"2":{"start":{"line":4,"column":4},"end":{"line":17,"column":5}},"3":{"start":{"line":5,"column":22},"end":{"line":12,"column":8}},"4":{"start":{"line":13,"column":23},"end":{"line":13,"column":43}},"5":{"start":{"line":14,"column":6},"end":{"line":14,"column":21}},"6":{"start":{"line":16,"column":6},"end":{"line":16,"column":29}},"7":{"start":{"line":20,"column":18},"end":{"line":41,"column":3}},"8":{"start":{"line":21,"column":21},"end":{"line":21,"column":53}},"9":{"start":{"line":22,"column":4},"end":{"line":40,"column":5}},"10":{"start":{"line":23,"column":23},"end":{"line":28,"column":7}},"11":{"start":{"line":29,"column":23},"end":{"line":36,"column":8}},"12":{"start":{"line":37,"column":6},"end":{"line":37,"column":21}},"13":{"start":{"line":39,"column":6},"end":{"line":39,"column":29}},"14":{"start":{"line":43,"column":22},"end":{"line":59,"column":3}},"15":{"start":{"line":44,"column":21},"end":{"line":44,"column":53}},"16":{"start":{"line":45,"column":4},"end":{"line":58,"column":5}},"17":{"start":{"line":46,"column":22},"end":{"line":53,"column":8}},"18":{"start":{"line":54,"column":23},"end":{"line":54,"column":43}},"19":{"start":{"line":55,"column":6},"end":{"line":55,"column":21}},"20":{"start":{"line":57,"column":6},"end":{"line":57,"column":29}},"21":{"start":{"line":61,"column":21},"end":{"line":82,"column":3}},"22":{"start":{"line":62,"column":21},"end":{"line":62,"column":53}},"23":{"start":{"line":63,"column":4},"end":{"line":81,"column":5}},"24":{"start":{"line":64,"column":23},"end":{"line":69,"column":7}},"25":{"start":{"line":70,"column":23},"end":{"line":77,"column":8}},"26":{"start":{"line":78,"column":6},"end":{"line":78,"column":21}},"27":{"start":{"line":80,"column":6},"end":{"line":80,"column":29}},"28":{"start":{"line":84,"column":21},"end":{"line":94,"column":3}},"29":{"start":{"line":85,"column":21},"end":{"line":85,"column":53}},"30":{"start":{"line":86,"column":4},"end":{"line":93,"column":5}},"31":{"start":{"line":87,"column":23},"end":{"line":89,"column":8}},"32":{"start":{"line":90,"column":6},"end":{"line":90,"column":21}},"33":{"start":{"line":92,"column":6},"end":{"line":92,"column":29}}},"fnMap":{"0":{"name":"(anonymous_0)","decl":{"start":{"line":2,"column":18},"end":{"line":2,"column":19}},"loc":{"start":{"line":2,"column":30},"end":{"line":18,"column":3}},"line":2},"1":{"name":"(anonymous_1)","decl":{"start":{"line":20,"column":18},"end":{"line":20,"column":19}},"loc":{"start":{"line":20,"column":34},"end":{"line":41,"column":3}},"line":20},"2":{"name":"(anonymous_2)","decl":{"start":{"line":43,"column":22},"end":{"line":43,"column":23}},"loc":{"start":{"line":43,"column":39},"end":{"line":59,"column":3}},"line":43},"3":{"name":"(anonymous_3)","decl":{"start":{"line":61,"column":21},"end":{"line":61,"column":22}},"loc":{"start":{"line":61,"column":44},"end":{"line":82,"column":3}},"line":61},"4":{"name":"(anonymous_4)","decl":{"start":{"line":84,"column":21},"end":{"line":84,"column":22}},"loc":{"start":{"line":84,"column":38},"end":{"line":94,"column":3}},"line":84}},"branchMap":{"0":{"loc":{"start":{"line":27,"column":12},"end":{"line":27,"column":47}},"type":"binary-expr","locations":[{"start":{"line":27,"column":12},"end":{"line":27,"column":22}},{"start":{"line":27,"column":26},"end":{"line":27,"column":47}}],"line":27},"1":{"loc":{"start":{"line":68,"column":12},"end":{"line":68,"column":47}},"type":"binary-expr","locations":[{"start":{"line":68,"column":12},"end":{"line":68,"column":22}},{"start":{"line":68,"column":26},"end":{"line":68,"column":47}}],"line":68}},"s":{"0":16,"1":1,"2":1,"3":1,"4":1,"5":1,"6":0,"7":16,"8":1,"9":1,"10":1,"11":1,"12":1,"13":0,"14":16,"15":1,"16":1,"17":1,"18":1,"19":1,"20":0,"21":16,"22":1,"23":1,"24":1,"25":1,"26":1,"27":0,"28":16,"29":4,"30":4,"31":4,"32":1,"33":3},"f":{"0":1,"1":1,"2":1,"3":1,"4":4},"b":{"0":[1,0],"1":[1,0]},"_coverageSchema":"1a1c01bbd47fc00a2c39e90264f33305004495a9","hash":"05c53a0335c7d99184889d9ecdca365669ff2946"}
,"C:\\Users\\Taufiq_H902\\Documents\\projeck\\iContact\\src\\components\\ActivityIndicatorService.js": {"path":"C:\\Users\\Taufiq_H902\\Documents\\projeck\\iContact\\src\\components\\ActivityIndicatorService.js","statementMap":{"0":{"start":{"line":1,"column":24},"end":{"line":4,"column":1}},"1":{"start":{"line":2,"column":32},"end":{"line":2,"column":73}}},"fnMap":{"0":{"name":"(anonymous_0)","decl":{"start":{"line":2,"column":14},"end":{"line":2,"column":15}},"loc":{"start":{"line":2,"column":30},"end":{"line":2,"column":75}},"line":2},"1":{"name":"(anonymous_1)","decl":{"start":{"line":3,"column":14},"end":{"line":3,"column":15}},"loc":{"start":{"line":3,"column":20},"end":{"line":3,"column":23}},"line":3}},"branchMap":{},"s":{"0":2,"1":1},"f":{"0":1,"1":0},"b":{},"_coverageSchema":"1a1c01bbd47fc00a2c39e90264f33305004495a9","hash":"002dad75cac3fbe2b370b5857a1d0af251f34774"}
,"C:\\Users\\Taufiq_H902\\Documents\\projeck\\iContact\\src\\components\\AddContacts.js": {"path":"C:\\Users\\Taufiq_H902\\Documents\\projeck\\iContact\\src\\components\\AddContacts.js","statementMap":{"0":{"start":{"line":17,"column":17},"end":{"line":17,"column":36}},"1":{"start":{"line":18,"column":21},"end":{"line":18,"column":34}},"2":{"start":{"line":19,"column":30},"end":{"line":32,"column":5}},"3":{"start":{"line":20,"column":8},"end":{"line":31,"column":9}},"4":{"start":{"line":21,"column":12},"end":{"line":25,"column":13}},"5":{"start":{"line":22,"column":16},"end":{"line":22,"column":62}},"6":{"start":{"line":24,"column":16},"end":{"line":24,"column":50}},"7":{"start":{"line":26,"column":12},"end":{"line":26,"column":32}},"8":{"start":{"line":28,"column":12},"end":{"line":30,"column":15}},"9":{"start":{"line":29,"column":51},"end":{"line":29,"column":92}},"10":{"start":{"line":34,"column":19},"end":{"line":35,"column":61}},"11":{"start":{"line":36,"column":4},"end":{"line":127,"column":5}},"12":{"start":{"line":45,"column":20},"end":{"line":45,"column":45}},"13":{"start":{"line":49,"column":20},"end":{"line":123,"column":23}},"14":{"start":{"line":114,"column":47},"end":{"line":114,"column":66}}},"fnMap":{"0":{"name":"AddContact","decl":{"start":{"line":16,"column":24},"end":{"line":16,"column":34}},"loc":{"start":{"line":16,"column":58},"end":{"line":128,"column":1}},"line":16},"1":{"name":"(anonymous_1)","decl":{"start":{"line":19,"column":30},"end":{"line":19,"column":31}},"loc":{"start":{"line":19,"column":46},"end":{"line":32,"column":5}},"line":19},"2":{"name":"(anonymous_2)","decl":{"start":{"line":29,"column":39},"end":{"line":29,"column":40}},"loc":{"start":{"line":29,"column":51},"end":{"line":29,"column":92}},"line":29},"3":{"name":"(anonymous_3)","decl":{"start":{"line":44,"column":26},"end":{"line":44,"column":27}},"loc":{"start":{"line":44,"column":36},"end":{"line":46,"column":17}},"line":44},"4":{"name":"(anonymous_4)","decl":{"start":{"line":48,"column":17},"end":{"line":48,"column":18}},"loc":{"start":{"line":49,"column":20},"end":{"line":123,"column":23}},"line":49},"5":{"name":"(anonymous_5)","decl":{"start":{"line":114,"column":41},"end":{"line":114,"column":42}},"loc":{"start":{"line":114,"column":47},"end":{"line":114,"column":66}},"line":114}},"branchMap":{"0":{"loc":{"start":{"line":21,"column":12},"end":{"line":25,"column":13}},"type":"if","locations":[{"start":{"line":21,"column":12},"end":{"line":25,"column":13}},{"start":{"line":23,"column":19},"end":{"line":25,"column":13}}],"line":21},"1":{"loc":{"start":{"line":34,"column":19},"end":{"line":35,"column":61}},"type":"cond-expr","locations":[{"start":{"line":34,"column":26},"end":{"line":34,"column":114}},{"start":{"line":35,"column":10},"end":{"line":35,"column":61}}],"line":34},"2":{"loc":{"start":{"line":52,"column":33},"end":{"line":65,"column":33}},"type":"cond-expr","locations":[{"start":{"line":53,"column":36},"end":{"line":57,"column":70}},{"start":{"line":59,"column":36},"end":{"line":64,"column":38}}],"line":52},"3":{"loc":{"start":{"line":52,"column":33},"end":{"line":52,"column":103}},"type":"binary-expr","locations":[{"start":{"line":52,"column":33},"end":{"line":52,"column":54}},{"start":{"line":52,"column":58},"end":{"line":52,"column":77}},{"start":{"line":52,"column":81},"end":{"line":52,"column":103}}],"line":52},"4":{"loc":{"start":{"line":118,"column":42},"end":{"line":118,"column":112}},"type":"binary-expr","locations":[{"start":{"line":118,"column":42},"end":{"line":118,"column":65}},{"start":{"line":118,"column":69},"end":{"line":118,"column":91}},{"start":{"line":118,"column":95},"end":{"line":118,"column":112}}],"line":118},"5":{"loc":{"start":{"line":120,"column":39},"end":{"line":120,"column":62}},"type":"cond-expr","locations":[{"start":{"line":120,"column":46},"end":{"line":120,"column":54}},{"start":{"line":120,"column":57},"end":{"line":120,"column":62}}],"line":120}},"s":{"0":0,"1":0,"2":0,"3":0,"4":0,"5":0,"6":0,"7":0,"8":0,"9":0,"10":0,"11":0,"12":0,"13":0,"14":0},"f":{"0":0,"1":0,"2":0,"3":0,"4":0,"5":0},"b":{"0":[0,0],"1":[0,0],"2":[0,0],"3":[0,0,0],"4":[0,0,0],"5":[0,0]},"_coverageSchema":"1a1c01bbd47fc00a2c39e90264f33305004495a9","hash":"5ea31a0a5e18a94685a0ff7b9d7a0ff1c4055501"}
,"C:\\Users\\Taufiq_H902\\Documents\\projeck\\iContact\\src\\components\\DrawerNavigation.js": {"path":"C:\\Users\\Taufiq_H902\\Documents\\projeck\\iContact\\src\\components\\DrawerNavigation.js","statementMap":{"0":{"start":{"line":13,"column":14},"end":{"line":13,"column":36}},"1":{"start":{"line":16,"column":21},"end":{"line":16,"column":34}},"2":{"start":{"line":17,"column":33},"end":{"line":29,"column":10}},"3":{"start":{"line":18,"column":8},"end":{"line":29,"column":10}},"4":{"start":{"line":25,"column":20},"end":{"line":25,"column":47}},"5":{"start":{"line":26,"column":20},"end":{"line":26,"column":47}},"6":{"start":{"line":30,"column":4},"end":{"line":93,"column":6}},"7":{"start":{"line":47,"column":54},"end":{"line":59,"column":25}},"8":{"start":{"line":50,"column":32},"end":{"line":57,"column":34}},"9":{"start":{"line":56,"column":51},"end":{"line":56,"column":73}},"10":{"start":{"line":64,"column":61},"end":{"line":83,"column":25}},"11":{"start":{"line":66,"column":45},"end":{"line":66,"column":63}},"12":{"start":{"line":67,"column":32},"end":{"line":79,"column":34}},"13":{"start":{"line":75,"column":63},"end":{"line":75,"column":104}}},"fnMap":{"0":{"name":"DrawerNavigation","decl":{"start":{"line":15,"column":9},"end":{"line":15,"column":25}},"loc":{"start":{"line":15,"column":31},"end":{"line":94,"column":1}},"line":15},"1":{"name":"(anonymous_1)","decl":{"start":{"line":17,"column":33},"end":{"line":17,"column":34}},"loc":{"start":{"line":18,"column":8},"end":{"line":29,"column":10}},"line":18},"2":{"name":"(anonymous_2)","decl":{"start":{"line":24,"column":41},"end":{"line":24,"column":42}},"loc":{"start":{"line":24,"column":47},"end":{"line":27,"column":17}},"line":24},"3":{"name":"(anonymous_3)","decl":{"start":{"line":47,"column":33},"end":{"line":47,"column":34}},"loc":{"start":{"line":47,"column":54},"end":{"line":59,"column":25}},"line":47},"4":{"name":"(anonymous_4)","decl":{"start":{"line":49,"column":41},"end":{"line":49,"column":42}},"loc":{"start":{"line":50,"column":32},"end":{"line":57,"column":34}},"line":50},"5":{"name":"(anonymous_5)","decl":{"start":{"line":56,"column":45},"end":{"line":56,"column":46}},"loc":{"start":{"line":56,"column":51},"end":{"line":56,"column":73}},"line":56},"6":{"name":"(anonymous_6)","decl":{"start":{"line":64,"column":33},"end":{"line":64,"column":34}},"loc":{"start":{"line":64,"column":61},"end":{"line":83,"column":25}},"line":64},"7":{"name":"(anonymous_7)","decl":{"start":{"line":65,"column":41},"end":{"line":65,"column":42}},"loc":{"start":{"line":65,"column":47},"end":{"line":80,"column":29}},"line":65},"8":{"name":"(anonymous_8)","decl":{"start":{"line":75,"column":57},"end":{"line":75,"column":58}},"loc":{"start":{"line":75,"column":63},"end":{"line":75,"column":104}},"line":75}},"branchMap":{"0":{"loc":{"start":{"line":68,"column":36},"end":{"line":78,"column":37}},"type":"binary-expr","locations":[{"start":{"line":68,"column":36},"end":{"line":68,"column":40}},{"start":{"line":69,"column":40},"end":{"line":77,"column":47}}],"line":68},"1":{"loc":{"start":{"line":82,"column":41},"end":{"line":82,"column":92}},"type":"cond-expr","locations":[{"start":{"line":82,"column":62},"end":{"line":82,"column":76}},{"start":{"line":82,"column":79},"end":{"line":82,"column":92}}],"line":82}},"s":{"0":1,"1":1,"2":1,"3":0,"4":0,"5":0,"6":1,"7":0,"8":0,"9":0,"10":0,"11":0,"12":0,"13":0},"f":{"0":1,"1":0,"2":0,"3":0,"4":0,"5":0,"6":0,"7":0,"8":0},"b":{"0":[0,0],"1":[0,0]},"_coverageSchema":"1a1c01bbd47fc00a2c39e90264f33305004495a9","hash":"c0470dc1ca3f99e2ef03f5e9809f680757724cef"}
,"C:\\Users\\Taufiq_H902\\Documents\\projeck\\iContact\\src\\components\\HomeScreen.js": {"path":"C:\\Users\\Taufiq_H902\\Documents\\projeck\\iContact\\src\\components\\HomeScreen.js","statementMap":{"0":{"start":{"line":16,"column":21},"end":{"line":16,"column":34}},"1":{"start":{"line":17,"column":43},"end":{"line":17,"column":55}},"2":{"start":{"line":19,"column":21},"end":{"line":24,"column":5}},"3":{"start":{"line":20,"column":20},"end":{"line":22,"column":9}},"4":{"start":{"line":25,"column":4},"end":{"line":27,"column":10}},"5":{"start":{"line":26,"column":8},"end":{"line":26,"column":33}},"6":{"start":{"line":29,"column":4},"end":{"line":31,"column":18}},"7":{"start":{"line":30,"column":8},"end":{"line":30,"column":49}},"8":{"start":{"line":33,"column":22},"end":{"line":35,"column":10}},"9":{"start":{"line":34,"column":8},"end":{"line":34,"column":33}},"10":{"start":{"line":37,"column":4},"end":{"line":42,"column":21}},"11":{"start":{"line":38,"column":29},"end":{"line":40,"column":10}},"12":{"start":{"line":39,"column":12},"end":{"line":39,"column":37}},"13":{"start":{"line":41,"column":8},"end":{"line":41,"column":28}},"14":{"start":{"line":44,"column":22},"end":{"line":47,"column":7}},"15":{"start":{"line":44,"column":52},"end":{"line":47,"column":5}},"16":{"start":{"line":49,"column":22},"end":{"line":56,"column":10}},"17":{"start":{"line":50,"column":30},"end":{"line":50,"column":81}},"18":{"start":{"line":50,"column":52},"end":{"line":50,"column":80}},"19":{"start":{"line":51,"column":8},"end":{"line":54,"column":9}},"20":{"start":{"line":52,"column":12},"end":{"line":52,"column":78}},"21":{"start":{"line":53,"column":12},"end":{"line":53,"column":23}},"22":{"start":{"line":55,"column":8},"end":{"line":55,"column":69}},"23":{"start":{"line":58,"column":24},"end":{"line":58,"column":80}},"24":{"start":{"line":58,"column":49},"end":{"line":58,"column":79}},"25":{"start":{"line":59,"column":4},"end":{"line":123,"column":5}},"26":{"start":{"line":62,"column":33},"end":{"line":62,"column":62}}},"fnMap":{"0":{"name":"HomeScreen","decl":{"start":{"line":15,"column":24},"end":{"line":15,"column":34}},"loc":{"start":{"line":15,"column":51},"end":{"line":124,"column":1}},"line":15},"1":{"name":"(anonymous_1)","decl":{"start":{"line":20,"column":8},"end":{"line":20,"column":9}},"loc":{"start":{"line":20,"column":20},"end":{"line":22,"column":9}},"line":20},"2":{"name":"(anonymous_2)","decl":{"start":{"line":25,"column":14},"end":{"line":25,"column":15}},"loc":{"start":{"line":25,"column":20},"end":{"line":27,"column":5}},"line":25},"3":{"name":"(anonymous_3)","decl":{"start":{"line":29,"column":14},"end":{"line":29,"column":15}},"loc":{"start":{"line":29,"column":20},"end":{"line":31,"column":5}},"line":29},"4":{"name":"(anonymous_4)","decl":{"start":{"line":33,"column":40},"end":{"line":33,"column":41}},"loc":{"start":{"line":33,"column":46},"end":{"line":35,"column":5}},"line":33},"5":{"name":"(anonymous_5)","decl":{"start":{"line":37,"column":14},"end":{"line":37,"column":15}},"loc":{"start":{"line":37,"column":20},"end":{"line":42,"column":5}},"line":37},"6":{"name":"(anonymous_6)","decl":{"start":{"line":38,"column":61},"end":{"line":38,"column":62}},"loc":{"start":{"line":38,"column":67},"end":{"line":40,"column":9}},"line":38},"7":{"name":"(anonymous_7)","decl":{"start":{"line":44,"column":44},"end":{"line":44,"column":45}},"loc":{"start":{"line":44,"column":52},"end":{"line":47,"column":5}},"line":44},"8":{"name":"(anonymous_8)","decl":{"start":{"line":49,"column":39},"end":{"line":49,"column":40}},"loc":{"start":{"line":49,"column":54},"end":{"line":56,"column":5}},"line":49},"9":{"name":"(anonymous_9)","decl":{"start":{"line":50,"column":44},"end":{"line":50,"column":45}},"loc":{"start":{"line":50,"column":52},"end":{"line":50,"column":80}},"line":50},"10":{"name":"(anonymous_10)","decl":{"start":{"line":58,"column":39},"end":{"line":58,"column":40}},"loc":{"start":{"line":58,"column":49},"end":{"line":58,"column":79}},"line":58},"11":{"name":"(anonymous_11)","decl":{"start":{"line":62,"column":27},"end":{"line":62,"column":28}},"loc":{"start":{"line":62,"column":33},"end":{"line":62,"column":62}},"line":62}},"branchMap":{"0":{"loc":{"start":{"line":51,"column":8},"end":{"line":54,"column":9}},"type":"if","locations":[{"start":{"line":51,"column":8},"end":{"line":54,"column":9}},{"start":{},"end":{}}],"line":51},"1":{"loc":{"start":{"line":67,"column":13},"end":{"line":121,"column":13}},"type":"binary-expr","locations":[{"start":{"line":67,"column":13},"end":{"line":67,"column":30}},{"start":{"line":115,"column":16},"end":{"line":120,"column":18}}],"line":67}},"s":{"0":0,"1":0,"2":0,"3":0,"4":0,"5":0,"6":0,"7":0,"8":0,"9":0,"10":0,"11":0,"12":0,"13":0,"14":0,"15":0,"16":0,"17":0,"18":0,"19":0,"20":0,"21":0,"22":0,"23":0,"24":0,"25":0,"26":0},"f":{"0":0,"1":0,"2":0,"3":0,"4":0,"5":0,"6":0,"7":0,"8":0,"9":0,"10":0,"11":0},"b":{"0":[0,0],"1":[0,0]},"_coverageSchema":"1a1c01bbd47fc00a2c39e90264f33305004495a9","hash":"0c03795db8b2fa407fb4d54739bd26ca047af0d0"}
,"C:\\Users\\Taufiq_H902\\Documents\\projeck\\iContact\\src\\components\\SearchScreen.js": {"path":"C:\\Users\\Taufiq_H902\\Documents\\projeck\\iContact\\src\\components\\SearchScreen.js","statementMap":{"0":{"start":{"line":9,"column":21},"end":{"line":9,"column":34}},"1":{"start":{"line":10,"column":32},"end":{"line":10,"column":50}},"2":{"start":{"line":11,"column":21},"end":{"line":16,"column":5}},"3":{"start":{"line":12,"column":20},"end":{"line":14,"column":9}},"4":{"start":{"line":17,"column":22},"end":{"line":19,"column":10}},"5":{"start":{"line":18,"column":8},"end":{"line":18,"column":25}},"6":{"start":{"line":21,"column":4},"end":{"line":21,"column":44}},"7":{"start":{"line":22,"column":4},"end":{"line":60,"column":5}},"8":{"start":{"line":27,"column":39},"end":{"line":27,"column":58}},"9":{"start":{"line":35,"column":49},"end":{"line":35,"column":65}},"10":{"start":{"line":43,"column":35},"end":{"line":43,"column":71}}},"fnMap":{"0":{"name":"SearchScreen","decl":{"start":{"line":8,"column":24},"end":{"line":8,"column":36}},"loc":{"start":{"line":8,"column":53},"end":{"line":61,"column":1}},"line":8},"1":{"name":"(anonymous_1)","decl":{"start":{"line":12,"column":8},"end":{"line":12,"column":9}},"loc":{"start":{"line":12,"column":20},"end":{"line":14,"column":9}},"line":12},"2":{"name":"(anonymous_2)","decl":{"start":{"line":17,"column":40},"end":{"line":17,"column":41}},"loc":{"start":{"line":17,"column":46},"end":{"line":19,"column":5}},"line":17},"3":{"name":"(anonymous_3)","decl":{"start":{"line":27,"column":33},"end":{"line":27,"column":34}},"loc":{"start":{"line":27,"column":39},"end":{"line":27,"column":58}},"line":27},"4":{"name":"(anonymous_4)","decl":{"start":{"line":35,"column":38},"end":{"line":35,"column":39}},"loc":{"start":{"line":35,"column":49},"end":{"line":35,"column":65}},"line":35},"5":{"name":"(anonymous_5)","decl":{"start":{"line":43,"column":29},"end":{"line":43,"column":30}},"loc":{"start":{"line":43,"column":35},"end":{"line":43,"column":71}},"line":43}},"branchMap":{"0":{"loc":{"start":{"line":49,"column":13},"end":{"line":57,"column":13}},"type":"binary-expr","locations":[{"start":{"line":49,"column":13},"end":{"line":49,"column":34}},{"start":{"line":50,"column":16},"end":{"line":56,"column":18}}],"line":49}},"s":{"0":3,"1":3,"2":3,"3":3,"4":3,"5":0,"6":3,"7":3,"8":0,"9":0,"10":0},"f":{"0":3,"1":3,"2":0,"3":0,"4":0,"5":0},"b":{"0":[3,0]},"_coverageSchema":"1a1c01bbd47fc00a2c39e90264f33305004495a9","hash":"696f36847d7dcf7cfd632ba8a1f82c0727e47c0b"}
,"C:\\Users\\Taufiq_H902\\Documents\\projeck\\iContact\\src\\components\\fragment\\ListComponent.js": {"path":"C:\\Users\\Taufiq_H902\\Documents\\projeck\\iContact\\src\\components\\fragment\\ListComponent.js","statementMap":{"0":{"start":{"line":11,"column":22},"end":{"line":81,"column":1}},"1":{"start":{"line":12,"column":22},"end":{"line":15,"column":7}},"2":{"start":{"line":12,"column":39},"end":{"line":15,"column":5}},"3":{"start":{"line":17,"column":22},"end":{"line":24,"column":10}},"4":{"start":{"line":18,"column":30},"end":{"line":18,"column":81}},"5":{"start":{"line":18,"column":52},"end":{"line":18,"column":80}},"6":{"start":{"line":19,"column":8},"end":{"line":22,"column":9}},"7":{"start":{"line":20,"column":12},"end":{"line":20,"column":78}},"8":{"start":{"line":21,"column":12},"end":{"line":21,"column":23}},"9":{"start":{"line":23,"column":8},"end":{"line":23,"column":69}},"10":{"start":{"line":26,"column":24},"end":{"line":26,"column":80}},"11":{"start":{"line":26,"column":49},"end":{"line":26,"column":79}},"12":{"start":{"line":28,"column":4},"end":{"line":80,"column":5}},"13":{"start":{"line":34,"column":36},"end":{"line":34,"column":43}},"14":{"start":{"line":36,"column":16},"end":{"line":36,"column":41}},"15":{"start":{"line":37,"column":16},"end":{"line":60,"column":17}},"16":{"start":{"line":38,"column":70},"end":{"line":38,"column":106}},"17":{"start":{"line":63,"column":16},"end":{"line":76,"column":23}}},"fnMap":{"0":{"name":"(anonymous_0)","decl":{"start":{"line":11,"column":22},"end":{"line":11,"column":23}},"loc":{"start":{"line":11,"column":68},"end":{"line":81,"column":1}},"line":11},"1":{"name":"(anonymous_1)","decl":{"start":{"line":12,"column":31},"end":{"line":12,"column":32}},"loc":{"start":{"line":12,"column":39},"end":{"line":15,"column":5}},"line":12},"2":{"name":"(anonymous_2)","decl":{"start":{"line":17,"column":39},"end":{"line":17,"column":40}},"loc":{"start":{"line":17,"column":54},"end":{"line":24,"column":5}},"line":17},"3":{"name":"(anonymous_3)","decl":{"start":{"line":18,"column":44},"end":{"line":18,"column":45}},"loc":{"start":{"line":18,"column":52},"end":{"line":18,"column":80}},"line":18},"4":{"name":"(anonymous_4)","decl":{"start":{"line":26,"column":39},"end":{"line":26,"column":40}},"loc":{"start":{"line":26,"column":49},"end":{"line":26,"column":79}},"line":26},"5":{"name":"(anonymous_5)","decl":{"start":{"line":34,"column":26},"end":{"line":34,"column":27}},"loc":{"start":{"line":34,"column":36},"end":{"line":34,"column":43}},"line":34},"6":{"name":"(anonymous_6)","decl":{"start":{"line":35,"column":24},"end":{"line":35,"column":25}},"loc":{"start":{"line":35,"column":38},"end":{"line":61,"column":13}},"line":35},"7":{"name":"(anonymous_7)","decl":{"start":{"line":38,"column":64},"end":{"line":38,"column":65}},"loc":{"start":{"line":38,"column":70},"end":{"line":38,"column":106}},"line":38},"8":{"name":"(anonymous_8)","decl":{"start":{"line":62,"column":33},"end":{"line":62,"column":34}},"loc":{"start":{"line":63,"column":16},"end":{"line":76,"column":23}},"line":63}},"branchMap":{"0":{"loc":{"start":{"line":19,"column":8},"end":{"line":22,"column":9}},"type":"if","locations":[{"start":{"line":19,"column":8},"end":{"line":22,"column":9}},{"start":{},"end":{}}],"line":19},"1":{"loc":{"start":{"line":39,"column":25},"end":{"line":52,"column":25}},"type":"cond-expr","locations":[{"start":{"line":40,"column":28},"end":{"line":44,"column":30}},{"start":{"line":47,"column":28},"end":{"line":51,"column":30}}],"line":39},"2":{"loc":{"start":{"line":43,"column":47},"end":{"line":43,"column":132}},"type":"binary-expr","locations":[{"start":{"line":43,"column":47},"end":{"line":43,"column":58}},{"start":{"line":43,"column":62},"end":{"line":43,"column":132}}],"line":43}},"s":{"0":3,"1":2,"2":4,"3":2,"4":4,"5":2,"6":4,"7":2,"8":2,"9":2,"10":2,"11":0,"12":2,"13":10,"14":4,"15":4,"16":0,"17":2},"f":{"0":2,"1":4,"2":4,"3":2,"4":0,"5":10,"6":4,"7":0,"8":2},"b":{"0":[2,2],"1":[2,2],"2":[2,0]},"_coverageSchema":"1a1c01bbd47fc00a2c39e90264f33305004495a9","hash":"a901e9d1f1b781ac4d943d935a1dc6eea61f8e05"}
,"C:\\Users\\Taufiq_H902\\Documents\\projeck\\iContact\\src\\reducers\\addContact.js": {"path":"C:\\Users\\Taufiq_H902\\Documents\\projeck\\iContact\\src\\reducers\\addContact.js","statementMap":{"0":{"start":{"line":7,"column":21},"end":{"line":10,"column":1}},"1":{"start":{"line":12,"column":2},"end":{"line":33,"column":3}},"2":{"start":{"line":14,"column":6},"end":{"line":18,"column":8}},"3":{"start":{"line":20,"column":23},"end":{"line":20,"column":29}},"4":{"start":{"line":21,"column":6},"end":{"line":24,"column":8}},"5":{"start":{"line":26,"column":6},"end":{"line":30,"column":8}},"6":{"start":{"line":32,"column":6},"end":{"line":32,"column":19}}},"fnMap":{"0":{"name":"addContact","decl":{"start":{"line":11,"column":24},"end":{"line":11,"column":34}},"loc":{"start":{"line":11,"column":65},"end":{"line":34,"column":1}},"line":11}},"branchMap":{"0":{"loc":{"start":{"line":11,"column":35},"end":{"line":11,"column":55}},"type":"default-arg","locations":[{"start":{"line":11,"column":43},"end":{"line":11,"column":55}}],"line":11},"1":{"loc":{"start":{"line":12,"column":2},"end":{"line":33,"column":3}},"type":"switch","locations":[{"start":{"line":13,"column":4},"end":{"line":18,"column":8}},{"start":{"line":19,"column":4},"end":{"line":24,"column":8}},{"start":{"line":25,"column":4},"end":{"line":30,"column":8}},{"start":{"line":31,"column":4},"end":{"line":32,"column":19}}],"line":12}},"s":{"0":2,"1":7,"2":1,"3":1,"4":1,"5":1,"6":4},"f":{"0":7},"b":{"0":[6],"1":[1,1,1,4]},"_coverageSchema":"1a1c01bbd47fc00a2c39e90264f33305004495a9","hash":"a5546a81c72c3021b9838f1567e681596aaf36a2"}
,"C:\\Users\\Taufiq_H902\\Documents\\projeck\\iContact\\src\\reducers\\deleteContact.js": {"path":"C:\\Users\\Taufiq_H902\\Documents\\projeck\\iContact\\src\\reducers\\deleteContact.js","statementMap":{"0":{"start":{"line":7,"column":21},"end":{"line":10,"column":1}},"1":{"start":{"line":12,"column":2},"end":{"line":33,"column":3}},"2":{"start":{"line":14,"column":6},"end":{"line":18,"column":8}},"3":{"start":{"line":20,"column":23},"end":{"line":20,"column":29}},"4":{"start":{"line":21,"column":6},"end":{"line":24,"column":8}},"5":{"start":{"line":26,"column":6},"end":{"line":30,"column":8}},"6":{"start":{"line":32,"column":6},"end":{"line":32,"column":19}}},"fnMap":{"0":{"name":"deleteContact","decl":{"start":{"line":11,"column":24},"end":{"line":11,"column":37}},"loc":{"start":{"line":11,"column":68},"end":{"line":34,"column":1}},"line":11}},"branchMap":{"0":{"loc":{"start":{"line":11,"column":38},"end":{"line":11,"column":58}},"type":"default-arg","locations":[{"start":{"line":11,"column":46},"end":{"line":11,"column":58}}],"line":11},"1":{"loc":{"start":{"line":12,"column":2},"end":{"line":33,"column":3}},"type":"switch","locations":[{"start":{"line":13,"column":4},"end":{"line":18,"column":8}},{"start":{"line":19,"column":4},"end":{"line":24,"column":8}},{"start":{"line":25,"column":4},"end":{"line":30,"column":8}},{"start":{"line":31,"column":4},"end":{"line":32,"column":19}}],"line":12}},"s":{"0":2,"1":5,"2":0,"3":0,"4":0,"5":0,"6":5},"f":{"0":5},"b":{"0":[5],"1":[0,0,0,5]},"_coverageSchema":"1a1c01bbd47fc00a2c39e90264f33305004495a9","hash":"413b24c4f30725402b99494842b62b74a55682fc"}
,"C:\\Users\\Taufiq_H902\\Documents\\projeck\\iContact\\src\\reducers\\editContact.js": {"path":"C:\\Users\\Taufiq_H902\\Documents\\projeck\\iContact\\src\\reducers\\editContact.js","statementMap":{"0":{"start":{"line":7,"column":21},"end":{"line":10,"column":1}},"1":{"start":{"line":12,"column":4},"end":{"line":32,"column":5}},"2":{"start":{"line":14,"column":12},"end":{"line":18,"column":14}},"3":{"start":{"line":20,"column":12},"end":{"line":23,"column":14}},"4":{"start":{"line":25,"column":12},"end":{"line":29,"column":14}},"5":{"start":{"line":31,"column":12},"end":{"line":31,"column":25}}},"fnMap":{"0":{"name":"addContact","decl":{"start":{"line":11,"column":24},"end":{"line":11,"column":34}},"loc":{"start":{"line":11,"column":65},"end":{"line":33,"column":1}},"line":11}},"branchMap":{"0":{"loc":{"start":{"line":11,"column":35},"end":{"line":11,"column":55}},"type":"default-arg","locations":[{"start":{"line":11,"column":43},"end":{"line":11,"column":55}}],"line":11},"1":{"loc":{"start":{"line":12,"column":4},"end":{"line":32,"column":5}},"type":"switch","locations":[{"start":{"line":13,"column":8},"end":{"line":18,"column":14}},{"start":{"line":19,"column":8},"end":{"line":23,"column":14}},{"start":{"line":24,"column":8},"end":{"line":29,"column":14}},{"start":{"line":30,"column":8},"end":{"line":31,"column":25}}],"line":12}},"s":{"0":1,"1":4,"2":1,"3":1,"4":1,"5":1},"f":{"0":4},"b":{"0":[4],"1":[1,1,1,1]},"_coverageSchema":"1a1c01bbd47fc00a2c39e90264f33305004495a9","hash":"a9af7317d668e70d16a81ecd0c373bed9e760d0b"}
,"C:\\Users\\Taufiq_H902\\Documents\\projeck\\iContact\\src\\reducers\\getContact.js": {"path":"C:\\Users\\Taufiq_H902\\Documents\\projeck\\iContact\\src\\reducers\\getContact.js","statementMap":{"0":{"start":{"line":3,"column":21},"end":{"line":7,"column":1}},"1":{"start":{"line":9,"column":2},"end":{"line":31,"column":3}},"2":{"start":{"line":11,"column":6},"end":{"line":15,"column":8}},"3":{"start":{"line":17,"column":23},"end":{"line":17,"column":29}},"4":{"start":{"line":18,"column":6},"end":{"line":23,"column":8}},"5":{"start":{"line":25,"column":6},"end":{"line":28,"column":8}},"6":{"start":{"line":30,"column":6},"end":{"line":30,"column":19}}},"fnMap":{"0":{"name":"contact","decl":{"start":{"line":8,"column":24},"end":{"line":8,"column":31}},"loc":{"start":{"line":8,"column":62},"end":{"line":32,"column":1}},"line":8}},"branchMap":{"0":{"loc":{"start":{"line":8,"column":32},"end":{"line":8,"column":52}},"type":"default-arg","locations":[{"start":{"line":8,"column":40},"end":{"line":8,"column":52}}],"line":8},"1":{"loc":{"start":{"line":9,"column":2},"end":{"line":31,"column":3}},"type":"switch","locations":[{"start":{"line":10,"column":4},"end":{"line":15,"column":8}},{"start":{"line":16,"column":4},"end":{"line":23,"column":8}},{"start":{"line":24,"column":4},"end":{"line":28,"column":8}},{"start":{"line":29,"column":4},"end":{"line":30,"column":19}}],"line":9}},"s":{"0":2,"1":6,"2":1,"3":1,"4":1,"5":1,"6":3},"f":{"0":6},"b":{"0":[6],"1":[1,1,1,3]},"_coverageSchema":"1a1c01bbd47fc00a2c39e90264f33305004495a9","hash":"13b622cc3a5468af1f8bce50ecfe3b56b09cc5c5"}
,"C:\\Users\\Taufiq_H902\\Documents\\projeck\\iContact\\src\\reducers\\getContactById.js": {"path":"C:\\Users\\Taufiq_H902\\Documents\\projeck\\iContact\\src\\reducers\\getContactById.js","statementMap":{"0":{"start":{"line":7,"column":21},"end":{"line":11,"column":1}},"1":{"start":{"line":13,"column":2},"end":{"line":36,"column":3}},"2":{"start":{"line":15,"column":6},"end":{"line":19,"column":8}},"3":{"start":{"line":21,"column":23},"end":{"line":21,"column":29}},"4":{"start":{"line":22,"column":6},"end":{"line":27,"column":8}},"5":{"start":{"line":29,"column":6},"end":{"line":33,"column":8}},"6":{"start":{"line":35,"column":6},"end":{"line":35,"column":19}}},"fnMap":{"0":{"name":"contactById","decl":{"start":{"line":12,"column":24},"end":{"line":12,"column":35}},"loc":{"start":{"line":12,"column":66},"end":{"line":37,"column":1}},"line":12}},"branchMap":{"0":{"loc":{"start":{"line":12,"column":36},"end":{"line":12,"column":56}},"type":"default-arg","locations":[{"start":{"line":12,"column":44},"end":{"line":12,"column":56}}],"line":12},"1":{"loc":{"start":{"line":13,"column":2},"end":{"line":36,"column":3}},"type":"switch","locations":[{"start":{"line":14,"column":4},"end":{"line":19,"column":8}},{"start":{"line":20,"column":4},"end":{"line":27,"column":8}},{"start":{"line":28,"column":4},"end":{"line":33,"column":8}},{"start":{"line":34,"column":4},"end":{"line":35,"column":19}}],"line":13}},"s":{"0":2,"1":5,"2":1,"3":0,"4":0,"5":1,"6":3},"f":{"0":5},"b":{"0":[5],"1":[1,0,1,3]},"_coverageSchema":"1a1c01bbd47fc00a2c39e90264f33305004495a9","hash":"80b7214854867924a48aa6cefa90bce1a1ff08b8"}
,"C:\\Users\\Taufiq_H902\\Documents\\projeck\\iContact\\src\\reducers\\index.js": {"path":"C:\\Users\\Taufiq_H902\\Documents\\projeck\\iContact\\src\\reducers\\index.js","statementMap":{"0":{"start":{"line":7,"column":19},"end":{"line":12,"column":2}},"1":{"start":{"line":14,"column":20},"end":{"line":16,"column":1}},"2":{"start":{"line":15,"column":2},"end":{"line":15,"column":35}}},"fnMap":{"0":{"name":"(anonymous_0)","decl":{"start":{"line":14,"column":20},"end":{"line":14,"column":21}},"loc":{"start":{"line":14,"column":39},"end":{"line":16,"column":1}},"line":14}},"branchMap":{},"s":{"0":1,"1":1,"2":1},"f":{"0":1},"b":{},"_coverageSchema":"1a1c01bbd47fc00a2c39e90264f33305004495a9","hash":"30b95daa467d1b09ffa00552805973babee115a7"}
,"C:\\Users\\Taufiq_H902\\Documents\\projeck\\iContact\\src\\store\\index.js": {"path":"C:\\Users\\Taufiq_H902\\Documents\\projeck\\iContact\\src\\store\\index.js","statementMap":{"0":{"start":{"line":5,"column":20},"end":{"line":5,"column":27}},"1":{"start":{"line":7,"column":25},"end":{"line":7,"column":79}},"2":{"start":{"line":8,"column":14},"end":{"line":11,"column":1}}},"fnMap":{},"branchMap":{"0":{"loc":{"start":{"line":7,"column":25},"end":{"line":7,"column":79}},"type":"binary-expr","locations":[{"start":{"line":7,"column":25},"end":{"line":7,"column":68}},{"start":{"line":7,"column":72},"end":{"line":7,"column":79}}],"line":7}},"s":{"0":1,"1":1,"2":1},"f":{},"b":{"0":[1,1]},"_coverageSchema":"1a1c01bbd47fc00a2c39e90264f33305004495a9","hash":"8a531813e59db59617a5f52a5939c1624bb886b0"}
}
