TN:
SF:src\actions\addContactAction.js
FN:9,addContact
FN:10,(anonymous_1)
FN:13,(anonymous_2)
FN:14,(anonymous_3)
FN:18,addContactScreenApi
FN:22,addContactScreenRequestsDone
FN:26,addContactScreenRequestsError
FNF:7
FNH:5
FNDA:2,addContact
FNDA:2,(anonymous_1)
FNDA:2,(anonymous_2)
FNDA:0,(anonymous_3)
FNDA:2,addContactScreenApi
FNDA:2,addContactScreenRequestsDone
FNDA:0,addContactScreenRequestsError
DA:4,4
DA:5,4
DA:6,4
DA:7,4
DA:10,2
DA:11,2
DA:12,2
DA:13,2
DA:14,0
DA:19,2
DA:23,2
DA:27,0
LF:12
LH:10
BRF:0
BRH:0
end_of_record
TN:
SF:src\actions\deleteContactAction.js
FN:9,deleteContact
FN:10,(anonymous_1)
FN:13,(anonymous_2)
FN:14,(anonymous_3)
FN:18,deleteContactScreenApi
FN:22,deleteContactScreenRequestsDone
FN:26,deleteContactScreenRequestsError
FNF:7
FNH:5
FNDA:3,deleteContact
FNDA:3,(anonymous_1)
FNDA:0,(anonymous_2)
FNDA:3,(anonymous_3)
FNDA:3,deleteContactScreenApi
FNDA:0,deleteContactScreenRequestsDone
FNDA:3,deleteContactScreenRequestsError
DA:4,4
DA:5,4
DA:6,4
DA:7,4
DA:10,3
DA:11,3
DA:12,3
DA:13,0
DA:14,3
DA:19,3
DA:23,0
DA:27,3
LF:12
LH:10
BRF:0
BRH:0
end_of_record
TN:
SF:src\actions\editContactAction.js
FN:9,updateContact
FN:10,(anonymous_1)
FN:13,(anonymous_2)
FN:14,(anonymous_3)
FN:18,updateContactScreenApi
FN:22,updateContactScreenRequestsDone
FN:26,updateContactScreenRequestsError
FNF:7
FNH:5
FNDA:2,updateContact
FNDA:2,(anonymous_1)
FNDA:2,(anonymous_2)
FNDA:0,(anonymous_3)
FNDA:2,updateContactScreenApi
FNDA:2,updateContactScreenRequestsDone
FNDA:0,updateContactScreenRequestsError
DA:4,3
DA:5,3
DA:6,3
DA:7,3
DA:10,2
DA:11,2
DA:12,2
DA:13,2
DA:14,0
DA:19,2
DA:23,2
DA:27,0
LF:12
LH:10
BRF:0
BRH:0
end_of_record
TN:
SF:src\actions\getContactAction.js
FN:9,fetchContact
FN:10,(anonymous_1)
FN:13,(anonymous_2)
FN:14,(anonymous_3)
FN:18,fetchContactScreenApi
FN:22,fetchContactScreenRequestsDone
FN:26,fetchContactScreenRequestsError
FNF:7
FNH:5
FNDA:1,fetchContact
FNDA:1,(anonymous_1)
FNDA:1,(anonymous_2)
FNDA:0,(anonymous_3)
FNDA:2,fetchContactScreenApi
FNDA:2,fetchContactScreenRequestsDone
FNDA:0,fetchContactScreenRequestsError
DA:4,4
DA:5,4
DA:6,4
DA:7,4
DA:10,1
DA:11,1
DA:12,1
DA:13,1
DA:14,0
DA:19,2
DA:23,2
DA:27,0
LF:12
LH:10
BRF:0
BRH:0
end_of_record
TN:
SF:src\actions\getContactByIdAction.js
FN:9,fetchContactIdById
FN:10,(anonymous_1)
FN:13,(anonymous_2)
FN:14,(anonymous_3)
FN:18,fetchContactIdScreenApi
FN:22,fetchContactIdScreenRequestsDone
FN:26,fetchContactIdScreenRequestsError
FNF:7
FNH:3
FNDA:1,fetchContactIdById
FNDA:1,(anonymous_1)
FNDA:0,(anonymous_2)
FNDA:0,(anonymous_3)
FNDA:1,fetchContactIdScreenApi
FNDA:0,fetchContactIdScreenRequestsDone
FNDA:0,fetchContactIdScreenRequestsError
DA:4,4
DA:5,4
DA:6,4
DA:7,4
DA:10,1
DA:11,1
DA:12,1
DA:13,0
DA:14,0
DA:19,1
DA:23,0
DA:27,0
LF:12
LH:8
BRF:0
BRH:0
end_of_record
TN:
SF:src\api\index.js
FN:2,(anonymous_0)
FN:20,(anonymous_1)
FN:43,(anonymous_2)
FN:61,(anonymous_3)
FN:84,(anonymous_4)
FNF:5
FNH:5
FNDA:1,(anonymous_0)
FNDA:1,(anonymous_1)
FNDA:1,(anonymous_2)
FNDA:1,(anonymous_3)
FNDA:4,(anonymous_4)
DA:2,16
DA:3,1
DA:4,1
DA:5,1
DA:13,1
DA:14,1
DA:16,0
DA:20,16
DA:21,1
DA:22,1
DA:23,1
DA:29,1
DA:37,1
DA:39,0
DA:43,16
DA:44,1
DA:45,1
DA:46,1
DA:54,1
DA:55,1
DA:57,0
DA:61,16
DA:62,1
DA:63,1
DA:64,1
DA:70,1
DA:78,1
DA:80,0
DA:84,16
DA:85,4
DA:86,4
DA:87,4
DA:90,1
DA:92,3
LF:34
LH:30
BRDA:27,0,0,1
BRDA:27,0,1,0
BRDA:68,1,0,1
BRDA:68,1,1,0
BRF:4
BRH:2
end_of_record
TN:
SF:src\components\ActivityIndicatorService.js
FN:2,(anonymous_0)
FN:3,(anonymous_1)
FNF:2
FNH:1
FNDA:1,(anonymous_0)
FNDA:0,(anonymous_1)
DA:1,2
DA:2,1
LF:2
LH:2
BRF:0
BRH:0
end_of_record
TN:
SF:src\components\AddContacts.js
FN:16,AddContact
FN:19,(anonymous_1)
FN:29,(anonymous_2)
FN:44,(anonymous_3)
FN:48,(anonymous_4)
FN:114,(anonymous_5)
FNF:6
FNH:0
FNDA:0,AddContact
FNDA:0,(anonymous_1)
FNDA:0,(anonymous_2)
FNDA:0,(anonymous_3)
FNDA:0,(anonymous_4)
FNDA:0,(anonymous_5)
DA:17,0
DA:18,0
DA:19,0
DA:20,0
DA:21,0
DA:22,0
DA:24,0
DA:26,0
DA:28,0
DA:29,0
DA:34,0
DA:36,0
DA:45,0
DA:49,0
DA:114,0
LF:15
LH:0
BRDA:21,0,0,0
BRDA:21,0,1,0
BRDA:34,1,0,0
BRDA:34,1,1,0
BRDA:52,2,0,0
BRDA:52,2,1,0
BRDA:52,3,0,0
BRDA:52,3,1,0
BRDA:52,3,2,0
BRDA:118,4,0,0
BRDA:118,4,1,0
BRDA:118,4,2,0
BRDA:120,5,0,0
BRDA:120,5,1,0
BRF:14
BRH:0
end_of_record
TN:
SF:src\components\DrawerNavigation.js
FN:15,DrawerNavigation
FN:17,(anonymous_1)
FN:24,(anonymous_2)
FN:47,(anonymous_3)
FN:49,(anonymous_4)
FN:56,(anonymous_5)
FN:64,(anonymous_6)
FN:65,(anonymous_7)
FN:75,(anonymous_8)
FNF:9
FNH:1
FNDA:1,DrawerNavigation
FNDA:0,(anonymous_1)
FNDA:0,(anonymous_2)
FNDA:0,(anonymous_3)
FNDA:0,(anonymous_4)
FNDA:0,(anonymous_5)
FNDA:0,(anonymous_6)
FNDA:0,(anonymous_7)
FNDA:0,(anonymous_8)
DA:13,1
DA:16,1
DA:17,1
DA:18,0
DA:25,0
DA:26,0
DA:30,1
DA:47,0
DA:50,0
DA:56,0
DA:64,0
DA:66,0
DA:67,0
DA:75,0
LF:14
LH:4
BRDA:68,0,0,0
BRDA:68,0,1,0
BRDA:82,1,0,0
BRDA:82,1,1,0
BRF:4
BRH:0
end_of_record
TN:
SF:src\components\HomeScreen.js
FN:15,HomeScreen
FN:20,(anonymous_1)
FN:25,(anonymous_2)
FN:29,(anonymous_3)
FN:33,(anonymous_4)
FN:37,(anonymous_5)
FN:38,(anonymous_6)
FN:44,(anonymous_7)
FN:49,(anonymous_8)
FN:50,(anonymous_9)
FN:58,(anonymous_10)
FN:62,(anonymous_11)
FNF:12
FNH:0
FNDA:0,HomeScreen
FNDA:0,(anonymous_1)
FNDA:0,(anonymous_2)
FNDA:0,(anonymous_3)
FNDA:0,(anonymous_4)
FNDA:0,(anonymous_5)
FNDA:0,(anonymous_6)
FNDA:0,(anonymous_7)
FNDA:0,(anonymous_8)
FNDA:0,(anonymous_9)
FNDA:0,(anonymous_10)
FNDA:0,(anonymous_11)
DA:16,0
DA:17,0
DA:19,0
DA:20,0
DA:25,0
DA:26,0
DA:29,0
DA:30,0
DA:33,0
DA:34,0
DA:37,0
DA:38,0
DA:39,0
DA:41,0
DA:44,0
DA:49,0
DA:50,0
DA:51,0
DA:52,0
DA:53,0
DA:55,0
DA:58,0
DA:59,0
DA:62,0
LF:24
LH:0
BRDA:51,0,0,0
BRDA:51,0,1,0
BRDA:67,1,0,0
BRDA:67,1,1,0
BRF:4
BRH:0
end_of_record
TN:
SF:src\components\SearchScreen.js
FN:8,SearchScreen
FN:12,(anonymous_1)
FN:17,(anonymous_2)
FN:27,(anonymous_3)
FN:35,(anonymous_4)
FN:43,(anonymous_5)
FNF:6
FNH:2
FNDA:3,SearchScreen
FNDA:3,(anonymous_1)
FNDA:0,(anonymous_2)
FNDA:0,(anonymous_3)
FNDA:0,(anonymous_4)
FNDA:0,(anonymous_5)
DA:9,3
DA:10,3
DA:11,3
DA:12,3
DA:17,3
DA:18,0
DA:21,3
DA:22,3
DA:27,0
DA:35,0
DA:43,0
LF:11
LH:7
BRDA:49,0,0,3
BRDA:49,0,1,0
BRF:2
BRH:1
end_of_record
TN:
SF:src\components\fragment\ListComponent.js
FN:11,(anonymous_0)
FN:12,(anonymous_1)
FN:17,(anonymous_2)
FN:18,(anonymous_3)
FN:26,(anonymous_4)
FN:34,(anonymous_5)
FN:35,(anonymous_6)
FN:38,(anonymous_7)
FN:62,(anonymous_8)
FNF:9
FNH:7
FNDA:2,(anonymous_0)
FNDA:4,(anonymous_1)
FNDA:4,(anonymous_2)
FNDA:2,(anonymous_3)
FNDA:0,(anonymous_4)
FNDA:10,(anonymous_5)
FNDA:4,(anonymous_6)
FNDA:0,(anonymous_7)
FNDA:2,(anonymous_8)
DA:11,3
DA:12,4
DA:17,2
DA:18,4
DA:19,4
DA:20,2
DA:21,2
DA:23,2
DA:26,2
DA:28,2
DA:34,10
DA:36,4
DA:37,4
DA:38,0
DA:63,2
LF:15
LH:14
BRDA:19,0,0,2
BRDA:19,0,1,2
BRDA:39,1,0,2
BRDA:39,1,1,2
BRDA:43,2,0,2
BRDA:43,2,1,0
BRF:6
BRH:5
end_of_record
TN:
SF:src\reducers\addContact.js
FN:11,addContact
FNF:1
FNH:1
FNDA:7,addContact
DA:7,2
DA:12,7
DA:14,1
DA:20,1
DA:21,1
DA:26,1
DA:32,4
LF:7
LH:7
BRDA:11,0,0,6
BRDA:12,1,0,1
BRDA:12,1,1,1
BRDA:12,1,2,1
BRDA:12,1,3,4
BRF:5
BRH:5
end_of_record
TN:
SF:src\reducers\deleteContact.js
FN:11,deleteContact
FNF:1
FNH:1
FNDA:5,deleteContact
DA:7,2
DA:12,5
DA:14,0
DA:20,0
DA:21,0
DA:26,0
DA:32,5
LF:7
LH:3
BRDA:11,0,0,5
BRDA:12,1,0,0
BRDA:12,1,1,0
BRDA:12,1,2,0
BRDA:12,1,3,5
BRF:5
BRH:2
end_of_record
TN:
SF:src\reducers\editContact.js
FN:11,addContact
FNF:1
FNH:1
FNDA:4,addContact
DA:7,1
DA:12,4
DA:14,1
DA:20,1
DA:25,1
DA:31,1
LF:6
LH:6
BRDA:11,0,0,4
BRDA:12,1,0,1
BRDA:12,1,1,1
BRDA:12,1,2,1
BRDA:12,1,3,1
BRF:5
BRH:5
end_of_record
TN:
SF:src\reducers\getContact.js
FN:8,contact
FNF:1
FNH:1
FNDA:6,contact
DA:3,2
DA:9,6
DA:11,1
DA:17,1
DA:18,1
DA:25,1
DA:30,3
LF:7
LH:7
BRDA:8,0,0,6
BRDA:9,1,0,1
BRDA:9,1,1,1
BRDA:9,1,2,1
BRDA:9,1,3,3
BRF:5
BRH:5
end_of_record
TN:
SF:src\reducers\getContactById.js
FN:12,contactById
FNF:1
FNH:1
FNDA:5,contactById
DA:7,2
DA:13,5
DA:15,1
DA:21,0
DA:22,0
DA:29,1
DA:35,3
LF:7
LH:5
BRDA:12,0,0,5
BRDA:13,1,0,1
BRDA:13,1,1,0
BRDA:13,1,2,1
BRDA:13,1,3,3
BRF:5
BRH:4
end_of_record
TN:
SF:src\reducers\index.js
FN:14,(anonymous_0)
FNF:1
FNH:1
FNDA:1,(anonymous_0)
DA:7,1
DA:14,1
DA:15,1
LF:3
LH:3
BRF:0
BRH:0
end_of_record
TN:
SF:src\store\index.js
FNF:0
FNH:0
DA:5,1
DA:7,1
DA:8,1
LF:3
LH:3
BRDA:7,0,0,1
BRDA:7,0,1,1
BRF:2
BRH:2
end_of_record
